<?xml version="1.0" encoding="UTF-8"?>
<!-- Generated by org.testng.reporters.JUnitReportReporter -->
<testsuite hostname="LPT-1255" failures="0" tests="3" name="Com.BCT.TestCses.LoginTest" time="119.335" errors="0" timestamp="2023-01-04T12:13:09 IST" skipped="0">
  <testcase classname="Com.BCT.TestCses.LoginTest" name="login" time="98.248"/>
  <system-out/>
  <testcase classname="Com.BCT.TestCses.LoginTest" name="login" time="11.097"/>
  <system-out/>
  <testcase classname="Com.BCT.TestCses.LoginTest" name="login" time="9.990"/>
  <system-out/>
</testsuite> <!-- Com.BCT.TestCses.LoginTest -->
